<?xml version="1.0" encoding="UTF-8"?>
<testsuite name="org.example.AvionPrivadoTest" tests="1" skipped="0" failures="0" errors="0" timestamp="2024-05-10T13:44:14" hostname="LAPTOP-LLKMOUHN" time="0.003">
  <properties/>
  <testcase name="testvolarDeberiaDevolver2100()" classname="org.example.AvionPrivadoTest" time="0.003"/>
  <system-out><![CDATA[]]></system-out>
  <system-err><![CDATA[]]></system-err>
</testsuite>
