<?xml version="1.0" encoding="UTF-8"?>
<testsuite name="org.example.TestsClasesTestear.StreamBenchmarkTest" tests="3" skipped="0" failures="0" errors="0" timestamp="2024-07-18T14:29:19" hostname="LAPTOP-LLKMOUHN" time="2.682">
  <properties/>
  <testcase name="trabajoListaParaleloDeberiaDevolverQueNoEstaVacia()" classname="org.example.TestsClasesTestear.StreamBenchmarkTest" time="1.061"/>
  <testcase name="testcrearListaSizeDeberiaDevolver10000000()" classname="org.example.TestsClasesTestear.StreamBenchmarkTest" time="0.689"/>
  <testcase name="trabajoListaSecuencialDeberiaDevolverQueNoEstaVacia()" classname="org.example.TestsClasesTestear.StreamBenchmarkTest" time="0.928"/>
  <system-out><![CDATA[]]></system-out>
  <system-err><![CDATA[]]></system-err>
</testsuite>
