<?xml version="1.0" encoding="UTF-8"?>
<testsuite name="org.example.TestsClasesTestear.AvionComercialTest" tests="2" skipped="0" failures="0" errors="0" timestamp="2024-07-18T14:29:19" hostname="LAPTOP-LLKMOUHN" time="0.05">
  <properties/>
  <testcase name="testgetConsumoCombustibleDeberiaDevolver20()" classname="org.example.TestsClasesTestear.AvionComercialTest" time="0.046"/>
  <testcase name="testvolarDeberiaDevolver1600()" classname="org.example.TestsClasesTestear.AvionComercialTest" time="0.002"/>
  <system-out><![CDATA[]]></system-out>
  <system-err><![CDATA[]]></system-err>
</testsuite>
