<?xml version="1.0" encoding="UTF-8"?>
<testsuite name="org.example.TestsClasesTestear.CalculadorCombustibleTest" tests="2" skipped="0" failures="0" errors="0" timestamp="2024-07-18T14:29:19" hostname="LAPTOP-LLKMOUHN" time="0.019">
  <properties/>
  <testcase name="testcalcularCombustibleDeberiaDevolver1600()" classname="org.example.TestsClasesTestear.CalculadorCombustibleTest" time="0.003"/>
  <testcase name="testgetInstanceLasInstanciasDeberianSerIguales()" classname="org.example.TestsClasesTestear.CalculadorCombustibleTest" time="0.013"/>
  <system-out><![CDATA[]]></system-out>
  <system-err><![CDATA[]]></system-err>
</testsuite>
