<?xml version="1.0" encoding="UTF-8"?>
<testsuite name="org.example.CalculadorCombustibleTest" tests="2" skipped="0" failures="0" errors="0" timestamp="2024-05-10T13:44:14" hostname="LAPTOP-LLKMOUHN" time="0.027">
  <properties/>
  <testcase name="testcalcularCombustibleDeberiaDevolver1600()" classname="org.example.CalculadorCombustibleTest" time="0.008"/>
  <testcase name="testgetInstanceLasInstanciasDeberianSerIguales()" classname="org.example.CalculadorCombustibleTest" time="0.012"/>
  <system-out><![CDATA[]]></system-out>
  <system-err><![CDATA[]]></system-err>
</testsuite>
